<component name="libraryTable">
  <library name="junit4jars">
    <CLASSES>
      <root url="file://$USER_HOME$/Downloads/junit4jars" />
    </CLASSES>
    <JAVADOC />
    <SOURCES />
  </library>
</component>